<?xml version="1.0" encoding="UTF-8"?>
<!-- Generated by org.testng.reporters.JUnitReportReporter -->
<testsuite hostname="HYD-L-PRD-3386" name="com.nga.resourcelink.TC" tests="1" failures="0" timestamp="31 Jan 2017 13:32:35 GMT" time="29.350" errors="0">
  <testcase name="f" time="29.350" classname="com.nga.resourcelink.TC"/>
</testsuite> <!-- com.nga.resourcelink.TC -->
